INFO    : Since no target was supplied, we will use "web".

INFO    : Building target web
INFO    : XSL conversion of /home/spencer/github/calculus-of-variations/source/main.ptx by /home/spencer/.ptx/2.33.2/core/xsl/utilities/pretext-enhanced-source.xsl
INFO    : successful application of /home/spencer/.ptx/2.33.2/core/xsl/utilities/pretext-enhanced-source.xsl
INFO    : Generating any needed assets.
INFO    : Finished generating assets.

INFO    : Preparing to build into /home/spencer/github/calculus-of-variations/output/web.
INFO    : discovering source file's directory name: /home/spencer/github/calculus-of-variations/source
INFO    : verifying and expanding input directory: /home/spencer/github/calculus-of-variations/source/../generated-assets
INFO    : input directory expanded to absolute path: /home/spencer/github/calculus-of-variations/generated-assets
INFO    : verifying and expanding input directory: /home/spencer/github/calculus-of-variations/source/../assets
INFO    : input directory expanded to absolute path: /home/spencer/github/calculus-of-variations/assets
INFO    : XSL conversion of /home/spencer/github/calculus-of-variations/source/main.ptx by /home/spencer/.ptx/2.33.2/core/xsl/utilities/report-publisher-variables.xsl
INFO    : successful application of /home/spencer/.ptx/2.33.2/core/xsl/utilities/report-publisher-variables.xsl
INFO    : Downloading rs services file from https://runestone.academy/cdn/runestone/latest/webpack_static_imports.xml.
INFO    : Runestone Services via online CDN query: version 7.11.5
INFO    : Downloading Runestone Services, version 7.11.5
INFO    : Extracting Runestone Services from archive file
INFO    : Building custom css theme: theme-default-modern
INFO    : converting /home/spencer/github/calculus-of-variations/source/main.ptx to HTML in /tmp/ptx-mmjbeo_s
INFO    : XSL conversion of /home/spencer/github/calculus-of-variations/source/main.ptx by /home/spencer/.ptx/2.33.2/core/xsl/pretext-html.xsl
INFO    : messages from the log for XSL processing:
INFO    : * PTX:INFO:   checking all deprecated elements.
INFO    : successful application of /home/spencer/.ptx/2.33.2/core/xsl/pretext-html.xsl
INFO    : Removing temporary directory /tmp/ptx-mmjbeo_s
INFO    : Removing temporary directory /tmp/ptx-seyrikrh
INFO    : 
Finished build for target web. Run `pretext view web` to see the results.

INFO    : 
Success!  Built requested target(s) without errors.

INFO    : 
